INFO  Validating config
INFO  Start processing
INFO  Hexo is running at http://localhost:4000/ . Press Ctrl+C to stop.
(node:52884) Warning: Accessing non-existent property 'lineno' of module exports inside circular dependency
(Use `node --trace-warnings ...` to show where the warning was created)
(node:52884) Warning: Accessing non-existent property 'column' of module exports inside circular dependency
(node:52884) Warning: Accessing non-existent property 'filename' of module exports inside circular dependency
(node:52884) Warning: Accessing non-existent property 'lineno' of module exports inside circular dependency
(node:52884) Warning: Accessing non-existent property 'column' of module exports inside circular dependency
(node:52884) Warning: Accessing non-existent property 'filename' of module exports inside circular dependency
URIError: URI malformed
    at decodeURIComponent (<anonymous>)
    at /home/qingdou02/.workspaces/me/blog/blog-hexo/node_modules/hexo-server/lib/middlewares/route.js:20:28
    at call (/home/qingdou02/.workspaces/me/blog/blog-hexo/node_modules/connect/index.js:239:7)
    at next (/home/qingdou02/.workspaces/me/blog/blog-hexo/node_modules/connect/index.js:183:5)
    at /home/qingdou02/.workspaces/me/blog/blog-hexo/node_modules/hexo-server/lib/middlewares/header.js:9:5
    at call (/home/qingdou02/.workspaces/me/blog/blog-hexo/node_modules/connect/index.js:239:7)
    at next (/home/qingdou02/.workspaces/me/blog/blog-hexo/node_modules/connect/index.js:183:5)
    at Function.handle (/home/qingdou02/.workspaces/me/blog/blog-hexo/node_modules/connect/index.js:186:3)
    at Server.app (/home/qingdou02/.workspaces/me/blog/blog-hexo/node_modules/connect/index.js:51:37)
    at Server.emit (node:events:520:28)
    at parserOnIncoming (node:_http_server:951:12)
    at HTTPParser.parserOnHeadersComplete (node:_http_common:128:17)
URIError: URI malformed
    at decodeURIComponent (<anonymous>)
    at /home/qingdou02/.workspaces/me/blog/blog-hexo/node_modules/hexo-server/lib/middlewares/route.js:20:28
    at call (/home/qingdou02/.workspaces/me/blog/blog-hexo/node_modules/connect/index.js:239:7)
    at next (/home/qingdou02/.workspaces/me/blog/blog-hexo/node_modules/connect/index.js:183:5)
    at /home/qingdou02/.workspaces/me/blog/blog-hexo/node_modules/hexo-server/lib/middlewares/header.js:9:5
    at call (/home/qingdou02/.workspaces/me/blog/blog-hexo/node_modules/connect/index.js:239:7)
    at next (/home/qingdou02/.workspaces/me/blog/blog-hexo/node_modules/connect/index.js:183:5)
    at Function.handle (/home/qingdou02/.workspaces/me/blog/blog-hexo/node_modules/connect/index.js:186:3)
    at Server.app (/home/qingdou02/.workspaces/me/blog/blog-hexo/node_modules/connect/index.js:51:37)
    at Server.emit (node:events:520:28)
    at parserOnIncoming (node:_http_server:951:12)
    at HTTPParser.parserOnHeadersComplete (node:_http_common:128:17)
URIError: URI malformed
    at decodeURIComponent (<anonymous>)
    at /home/qingdou02/.workspaces/me/blog/blog-hexo/node_modules/hexo-server/lib/middlewares/route.js:20:28
    at call (/home/qingdou02/.workspaces/me/blog/blog-hexo/node_modules/connect/index.js:239:7)
    at next (/home/qingdou02/.workspaces/me/blog/blog-hexo/node_modules/connect/index.js:183:5)
    at /home/qingdou02/.workspaces/me/blog/blog-hexo/node_modules/hexo-server/lib/middlewares/header.js:9:5
    at call (/home/qingdou02/.workspaces/me/blog/blog-hexo/node_modules/connect/index.js:239:7)
    at next (/home/qingdou02/.workspaces/me/blog/blog-hexo/node_modules/connect/index.js:183:5)
    at Function.handle (/home/qingdou02/.workspaces/me/blog/blog-hexo/node_modules/connect/index.js:186:3)
    at Server.app (/home/qingdou02/.workspaces/me/blog/blog-hexo/node_modules/connect/index.js:51:37)
    at Server.emit (node:events:520:28)
    at parserOnIncoming (node:_http_server:951:12)
    at HTTPParser.parserOnHeadersComplete (node:_http_common:128:17)
URIError: URI malformed
    at decodeURIComponent (<anonymous>)
    at /home/qingdou02/.workspaces/me/blog/blog-hexo/node_modules/hexo-server/lib/middlewares/route.js:20:28
    at call (/home/qingdou02/.workspaces/me/blog/blog-hexo/node_modules/connect/index.js:239:7)
    at next (/home/qingdou02/.workspaces/me/blog/blog-hexo/node_modules/connect/index.js:183:5)
    at /home/qingdou02/.workspaces/me/blog/blog-hexo/node_modules/hexo-server/lib/middlewares/header.js:9:5
    at call (/home/qingdou02/.workspaces/me/blog/blog-hexo/node_modules/connect/index.js:239:7)
    at next (/home/qingdou02/.workspaces/me/blog/blog-hexo/node_modules/connect/index.js:183:5)
    at Function.handle (/home/qingdou02/.workspaces/me/blog/blog-hexo/node_modules/connect/index.js:186:3)
    at Server.app (/home/qingdou02/.workspaces/me/blog/blog-hexo/node_modules/connect/index.js:51:37)
    at Server.emit (node:events:520:28)
    at parserOnIncoming (node:_http_server:951:12)
    at HTTPParser.parserOnHeadersComplete (node:_http_common:128:17)
URIError: URI malformed
    at decodeURIComponent (<anonymous>)
    at /home/qingdou02/.workspaces/me/blog/blog-hexo/node_modules/hexo-server/lib/middlewares/route.js:20:28
    at call (/home/qingdou02/.workspaces/me/blog/blog-hexo/node_modules/connect/index.js:239:7)
    at next (/home/qingdou02/.workspaces/me/blog/blog-hexo/node_modules/connect/index.js:183:5)
    at /home/qingdou02/.workspaces/me/blog/blog-hexo/node_modules/hexo-server/lib/middlewares/header.js:9:5
    at call (/home/qingdou02/.workspaces/me/blog/blog-hexo/node_modules/connect/index.js:239:7)
    at next (/home/qingdou02/.workspaces/me/blog/blog-hexo/node_modules/connect/index.js:183:5)
    at Function.handle (/home/qingdou02/.workspaces/me/blog/blog-hexo/node_modules/connect/index.js:186:3)
    at Server.app (/home/qingdou02/.workspaces/me/blog/blog-hexo/node_modules/connect/index.js:51:37)
    at Server.emit (node:events:520:28)
    at parserOnIncoming (node:_http_server:951:12)
    at HTTPParser.parserOnHeadersComplete (node:_http_common:128:17)
WARN  Trying to "create" resume/index.md, but the file already exists!
URIError: URI malformed
    at decodeURIComponent (<anonymous>)
    at /home/qingdou02/.workspaces/me/blog/blog-hexo/node_modules/hexo-server/lib/middlewares/route.js:20:28
    at call (/home/qingdou02/.workspaces/me/blog/blog-hexo/node_modules/connect/index.js:239:7)
    at next (/home/qingdou02/.workspaces/me/blog/blog-hexo/node_modules/connect/index.js:183:5)
    at /home/qingdou02/.workspaces/me/blog/blog-hexo/node_modules/hexo-server/lib/middlewares/header.js:9:5
    at call (/home/qingdou02/.workspaces/me/blog/blog-hexo/node_modules/connect/index.js:239:7)
    at next (/home/qingdou02/.workspaces/me/blog/blog-hexo/node_modules/connect/index.js:183:5)
    at Function.handle (/home/qingdou02/.workspaces/me/blog/blog-hexo/node_modules/connect/index.js:186:3)
    at Server.app (/home/qingdou02/.workspaces/me/blog/blog-hexo/node_modules/connect/index.js:51:37)
    at Server.emit (node:events:520:28)
    at parserOnIncoming (node:_http_server:951:12)
    at HTTPParser.parserOnHeadersComplete (node:_http_common:128:17)
URIError: URI malformed
    at decodeURIComponent (<anonymous>)
    at /home/qingdou02/.workspaces/me/blog/blog-hexo/node_modules/hexo-server/lib/middlewares/route.js:20:28
    at call (/home/qingdou02/.workspaces/me/blog/blog-hexo/node_modules/connect/index.js:239:7)
    at next (/home/qingdou02/.workspaces/me/blog/blog-hexo/node_modules/connect/index.js:183:5)
    at /home/qingdou02/.workspaces/me/blog/blog-hexo/node_modules/hexo-server/lib/middlewares/header.js:9:5
    at call (/home/qingdou02/.workspaces/me/blog/blog-hexo/node_modules/connect/index.js:239:7)
    at next (/home/qingdou02/.workspaces/me/blog/blog-hexo/node_modules/connect/index.js:183:5)
    at Function.handle (/home/qingdou02/.workspaces/me/blog/blog-hexo/node_modules/connect/index.js:186:3)
    at Server.app (/home/qingdou02/.workspaces/me/blog/blog-hexo/node_modules/connect/index.js:51:37)
    at Server.emit (node:events:520:28)
    at parserOnIncoming (node:_http_server:951:12)
    at HTTPParser.parserOnHeadersComplete (node:_http_common:128:17)
